#
# A fatal error has been detected by the Java Runtime Environment:
#
#  EXCEPTION_ACCESS_VIOLATION (0xc0000005) at pc=0x00007ffd2887382d, pid=40364, tid=0x0000000000006ae4
#
# JRE version: OpenJDK Runtime Environment (8.0_422-b05) (build 1.8.0_422-b05)
# Java VM: OpenJDK 64-Bit Server VM (25.422-b05 mixed mode windows-amd64 compressed oops)
# Problematic frame:
# C  [igxelpicd64.dll+0xa2382d]
#
# Failed to write core dump. Minidumps are not enabled by default on client versions of Windows
#
# If you would like to submit a bug report, please visit:
#   https://github.com/adoptium/adoptium-support/issues
# The crash happened outside the Java Virtual Machine in native code.
# See problematic frame for where to report the bug.
#

---------------  T H R E A D  ---------------

Current thread (0x0000019b5a384800):  JavaThread "Thread-0" [_thread_in_native, id=27364, stack(0x0000007efe800000,0x0000007efe900000)]

siginfo: ExceptionCode=0xc0000005, reading address 0x0000000000000000

Registers:
RAX=0x0000000000000000, RBX=0x0000019b5e571920, RCX=0x0000000000000000, RDX=0x0000000000000000
RSP=0x0000007efe8fec50, RBP=0x0000007efe8fed50, RSI=0x0000000000000015, RDI=0x00000000000000bd
R8 =0x0000000000000000, R9 =0x0000000000000000, R10=0x0000019b5f93d320, R11=0x0000000071f98fd0
R12=0x0000000000000069, R13=0x0000000000000001, R14=0x0000019b5f958a40, R15=0x0000000000000000
RIP=0x00007ffd2887382d, EFLAGS=0x0000000000010246

Top of Stack: (sp=0x0000007efe8fec50)
0x0000007efe8fec50:   0000019b5e571920 0000007efe8fef70
0x0000007efe8fec60:   0000019b5a2245c8 0000019b5a384800
0x0000007efe8fec70:   00000007c009e958 0000000071e335fa
0x0000007efe8fec80:   00000007c009e010 0000000071d9db27
0x0000007efe8fec90:   0000019b57a2cd10 0000019b5a384800
0x0000007efe8feca0:   00000007c009e958 0000000071e02f01
0x0000007efe8fecb0:   0000007efe8fed00 0000000071f9e562
0x0000007efe8fecc0:   0000019b57a2cd10 00000007c009e010
0x0000007efe8fecd0:   00001aae2e7605a0 0000000000000000
0x0000007efe8fece0:   0000000000000001 0000000071f9e1fa
0x0000007efe8fecf0:   0000007efe8fee60 0000019b5a384800
0x0000007efe8fed00:   0000019b57a2cd10 0000019b5a384800
0x0000007efe8fed10:   0000019b57a2cd10 0000019b5a384800
0x0000007efe8fed20:   0000019b57a2cd10 0000019b5a384800
0x0000007efe8fed30:   0000019b5a384800 0000000071e383f1
0x0000007efe8fed40:   00000007c009e010 0000019b57a2cd10 

Instructions: (pc=0x00007ffd2887382d)
0x00007ffd2887380d:   11 45 f8 f2 0f 10 0d 40 d7 2f 00 f2 0f 11 4d 08
0x00007ffd2887381d:   49 8b 86 a8 3b 00 00 48 8d 55 f0 e9 07 04 00 00
0x00007ffd2887382d:   f3 0f 10 02 8b 44 fb 30 f3 0f 11 45 b0 41 3b c5
0x00007ffd2887383d:   7e 3e f3 0f 10 42 04 f3 0f 11 45 b4 83 f8 02 7e 


Register to memory mapping:

RAX=0x0000000000000000 is an unknown value
RBX=0x0000019b5e571920 is an unknown value
RCX=0x0000000000000000 is an unknown value
RDX=0x0000000000000000 is an unknown value
RSP=0x0000007efe8fec50 is pointing into the stack for thread: 0x0000019b5a384800
RBP=0x0000007efe8fed50 is pointing into the stack for thread: 0x0000019b5a384800
RSI=0x0000000000000015 is an unknown value
RDI=0x00000000000000bd is an unknown value
R8 =0x0000000000000000 is an unknown value
R9 =0x0000000000000000 is an unknown value
R10=0x0000019b5f93d320 is an unknown value
R11=0x0000000071f98fd0 is an unknown value
R12=0x0000000000000069 is an unknown value
R13=0x0000000000000001 is an unknown value
R14=0x0000019b5f958a40 is an unknown value
R15=0x0000000000000000 is an unknown value


Stack: [0x0000007efe800000,0x0000007efe900000],  sp=0x0000007efe8fec50,  free space=1019k
Native frames: (J=compiled Java code, j=interpreted, Vv=VM code, C=native code)
C  [igxelpicd64.dll+0xa2382d]
C  [igxelpicd64.dll+0xa235ad]
C  [igxelpicd64.dll+0xa386d4]
C  [igxelpicd64.dll+0xa39fee]
C  0x0000019b3ee19c8e

Java frames: (J=compiled Java code, j=interpreted, Vv=VM code)
j  org.lwjgl.opengl.GL11.nglDrawArrays(IIIJ)V+0
j  org.lwjgl.opengl.GL11.glDrawArrays(III)V+20
j  com.mojang.minecraft.renderer.Tesselator.end()V+68
j  com.mojang.minecraft.renderer.LevelRenderer.compileSurroundingGround()V+590
j  com.mojang.minecraft.Minecraft.setLevel(Lcom/mojang/minecraft/level/Level;)V+47
j  com.mojang.minecraft.Minecraft.run()V+585
j  java.lang.Thread.run()V+11
v  ~StubRoutines::call_stub

---------------  P R O C E S S  ---------------

Java Threads: ( => current thread )
  0x0000019b5c55a000 JavaThread "Java2D Disposer" daemon [_thread_blocked, id=40344, stack(0x0000007eff400000,0x0000007eff500000)]
  0x0000019b5e00a000 JavaThread "Thread-4" daemon [_thread_in_native, id=38960, stack(0x0000007eff300000,0x0000007eff400000)]
  0x0000019b3d2cb800 JavaThread "DestroyJavaVM" [_thread_blocked, id=24272, stack(0x0000007efc500000,0x0000007efc600000)]
=>0x0000019b5a384800 JavaThread "Thread-0" [_thread_in_native, id=27364, stack(0x0000007efe800000,0x0000007efe900000)]
  0x0000019b5a247800 JavaThread "Service Thread" daemon [_thread_blocked, id=40812, stack(0x0000007efe600000,0x0000007efe700000)]
  0x0000019b5a1d8000 JavaThread "C1 CompilerThread11" daemon [_thread_blocked, id=30980, stack(0x0000007efe500000,0x0000007efe600000)]
  0x0000019b5a1da800 JavaThread "C1 CompilerThread10" daemon [_thread_blocked, id=20232, stack(0x0000007efe400000,0x0000007efe500000)]
  0x0000019b5a1d9000 JavaThread "C1 CompilerThread9" daemon [_thread_blocked, id=39992, stack(0x0000007efe300000,0x0000007efe400000)]
  0x0000019b5a1db000 JavaThread "C1 CompilerThread8" daemon [_thread_blocked, id=26040, stack(0x0000007efe200000,0x0000007efe300000)]
  0x0000019b5a1d9800 JavaThread "C2 CompilerThread7" daemon [_thread_blocked, id=42392, stack(0x0000007efe100000,0x0000007efe200000)]
  0x0000019b5a1cc000 JavaThread "C2 CompilerThread6" daemon [_thread_blocked, id=29044, stack(0x0000007efe000000,0x0000007efe100000)]
  0x0000019b5a186800 JavaThread "C2 CompilerThread5" daemon [_thread_blocked, id=24800, stack(0x0000007efdf00000,0x0000007efe000000)]
  0x0000019b5a176000 JavaThread "C2 CompilerThread4" daemon [_thread_blocked, id=36112, stack(0x0000007efde00000,0x0000007efdf00000)]
  0x0000019b5a16a000 JavaThread "C2 CompilerThread3" daemon [_thread_blocked, id=7440, stack(0x0000007efdd00000,0x0000007efde00000)]
  0x0000019b5a160800 JavaThread "C2 CompilerThread2" daemon [_thread_blocked, id=31064, stack(0x0000007efdc00000,0x0000007efdd00000)]
  0x0000019b5a15d800 JavaThread "C2 CompilerThread1" daemon [_thread_blocked, id=21400, stack(0x0000007efdb00000,0x0000007efdc00000)]
  0x0000019b5a162800 JavaThread "C2 CompilerThread0" daemon [_thread_blocked, id=35392, stack(0x0000007efda00000,0x0000007efdb00000)]
  0x0000019b5a157800 JavaThread "Attach Listener" daemon [_thread_blocked, id=17056, stack(0x0000007efd900000,0x0000007efda00000)]
  0x0000019b5a156800 JavaThread "Signal Dispatcher" daemon [_thread_blocked, id=7392, stack(0x0000007efd800000,0x0000007efd900000)]
  0x0000019b57f91000 JavaThread "Finalizer" daemon [_thread_blocked, id=39644, stack(0x0000007efd700000,0x0000007efd800000)]
  0x0000019b5a133000 JavaThread "Reference Handler" daemon [_thread_blocked, id=36992, stack(0x0000007efd600000,0x0000007efd700000)]

Other Threads:
  0x0000019b57f7c800 VMThread [stack: 0x0000007efd500000,0x0000007efd600000] [id=10480]
  0x0000019b5a238000 WatcherThread [stack: 0x0000007efe700000,0x0000007efe800000] [id=1736]

VM state:not at safepoint (normal execution)

VM Mutex/Monitor currently owned by a thread: None

heap address: 0x00000006c4400000, size: 4028 MB, Compressed Oops mode: Zero based, Oop shift amount: 3
Narrow klass base: 0x0000000000000000, Narrow klass shift: 3
Compressed class space size: 1073741824 Address: 0x00000007c0000000

Heap:
 PSYoungGen      total 75264K, used 3870K [0x000000076c180000, 0x0000000771580000, 0x00000007c0000000)
  eden space 64512K, 6% used [0x000000076c180000,0x000000076c547b48,0x0000000770080000)
  from space 10752K, 0% used [0x0000000770080000,0x0000000770080000,0x0000000770b00000)
  to   space 10752K, 0% used [0x0000000770b00000,0x0000000770b00000,0x0000000771580000)
 ParOldGen       total 172032K, used 13511K [0x00000006c4400000, 0x00000006cec00000, 0x000000076c180000)
  object space 172032K, 7% used [0x00000006c4400000,0x00000006c5131d60,0x00000006cec00000)
 Metaspace       used 9463K, capacity 9599K, committed 9856K, reserved 1058816K
  class space    used 968K, capacity 1034K, committed 1152K, reserved 1048576K

Card table byte_map: [0x0000019b4e1c0000,0x0000019b4e9a0000] byte_map_base: 0x0000019b4ab9e000

Marking Bits: (ParMarkBitMap*) 0x00000000725718f0
 Begin Bits: [0x0000019b4eee0000, 0x0000019b52dd0000)
 End Bits:   [0x0000019b52dd0000, 0x0000019b56cc0000)

Polling page: 0x0000019b3d480000

CodeCache: size=245760Kb used=4911Kb max_used=4911Kb free=240848Kb
 bounds [0x0000019b3ee00000, 0x0000019b3f2d0000, 0x0000019b4de00000]
 total_blobs=1359 nmethods=889 adapters=380
 compilation: enabled

Compilation events (10 events):
Event: 1.089 Thread 0x0000019b5a1da800  885       3       java.awt.image.IndexColorModel::getGreen (19 bytes)
Event: 1.089 Thread 0x0000019b5a1db000  886       3       java.awt.image.ColorModel::getBlue (161 bytes)
Event: 1.090 Thread 0x0000019b5a1d8000  887       3       java.awt.image.IndexColorModel::getBlue (16 bytes)
Event: 1.090 Thread 0x0000019b5a1da800 nmethod 885 0x0000019b3f2ca950 code [0x0000019b3f2caaa0, 0x0000019b3f2cac38]
Event: 1.090 Thread 0x0000019b5a1da800  888       3       com.mojang.minecraft.renderer.Tesselator::vertexUV (42 bytes)
Event: 1.090 Thread 0x0000019b5a1d8000 nmethod 887 0x0000019b3f2cad10 code [0x0000019b3f2cae60, 0x0000019b3f2caff8]
Event: 1.090 Thread 0x0000019b5a1d9000  889       3       com.mojang.minecraft.renderer.Tesselator::vertex (205 bytes)
Event: 1.090 Thread 0x0000019b5a1da800 nmethod 888 0x0000019b3f2cb0d0 code [0x0000019b3f2cb240, 0x0000019b3f2cb4b0]
Event: 1.090 Thread 0x0000019b5a1db000 nmethod 886 0x0000019b3f2cb550 code [0x0000019b3f2cb780, 0x0000019b3f2cc520]
Event: 1.090 Thread 0x0000019b5a1d9000 nmethod 889 0x0000019b3f2ccc50 code [0x0000019b3f2ccde0, 0x0000019b3f2cd290]

GC Heap History (4 events):
Event: 1.039 GC heap before
{Heap before GC invocations=1 (full 0):
 PSYoungGen      total 75264K, used 30921K [0x000000076c180000, 0x0000000771580000, 0x00000007c0000000)
  eden space 64512K, 47% used [0x000000076c180000,0x000000076dfb2478,0x0000000770080000)
  from space 10752K, 0% used [0x0000000770b00000,0x0000000770b00000,0x0000000771580000)
  to   space 10752K, 0% used [0x0000000770080000,0x0000000770080000,0x0000000770b00000)
 ParOldGen       total 172032K, used 0K [0x00000006c4400000, 0x00000006cec00000, 0x000000076c180000)
  object space 172032K, 0% used [0x00000006c4400000,0x00000006c4400000,0x00000006cec00000)
 Metaspace       used 9433K, capacity 9599K, committed 9856K, reserved 1058816K
  class space    used 965K, capacity 1034K, committed 1152K, reserved 1048576K
Event: 1.047 GC heap after
Heap after GC invocations=1 (full 0):
 PSYoungGen      total 75264K, used 10720K [0x000000076c180000, 0x0000000771580000, 0x00000007c0000000)
  eden space 64512K, 0% used [0x000000076c180000,0x000000076c180000,0x0000000770080000)
  from space 10752K, 99% used [0x0000000770080000,0x0000000770af8050,0x0000000770b00000)
  to   space 10752K, 0% used [0x0000000770b00000,0x0000000770b00000,0x0000000771580000)
 ParOldGen       total 172032K, used 2942K [0x00000006c4400000, 0x00000006cec00000, 0x000000076c180000)
  object space 172032K, 1% used [0x00000006c4400000,0x00000006c46dfba8,0x00000006cec00000)
 Metaspace       used 9433K, capacity 9599K, committed 9856K, reserved 1058816K
  class space    used 965K, capacity 1034K, committed 1152K, reserved 1048576K
}
Event: 1.047 GC heap before
{Heap before GC invocations=2 (full 1):
 PSYoungGen      total 75264K, used 10720K [0x000000076c180000, 0x0000000771580000, 0x00000007c0000000)
  eden space 64512K, 0% used [0x000000076c180000,0x000000076c180000,0x0000000770080000)
  from space 10752K, 99% used [0x0000000770080000,0x0000000770af8050,0x0000000770b00000)
  to   space 10752K, 0% used [0x0000000770b00000,0x0000000770b00000,0x0000000771580000)
 ParOldGen       total 172032K, used 2942K [0x00000006c4400000, 0x00000006cec00000, 0x000000076c180000)
  object space 172032K, 1% used [0x00000006c4400000,0x00000006c46dfba8,0x00000006cec00000)
 Metaspace       used 9433K, capacity 9599K, committed 9856K, reserved 1058816K
  class space    used 965K, capacity 1034K, committed 1152K, reserved 1048576K
Event: 1.073 GC heap after
Heap after GC invocations=2 (full 1):
 PSYoungGen      total 75264K, used 0K [0x000000076c180000, 0x0000000771580000, 0x00000007c0000000)
  eden space 64512K, 0% used [0x000000076c180000,0x000000076c180000,0x0000000770080000)
  from space 10752K, 0% used [0x0000000770080000,0x0000000770080000,0x0000000770b00000)
  to   space 10752K, 0% used [0x0000000770b00000,0x0000000770b00000,0x0000000771580000)
 ParOldGen       total 172032K, used 13511K [0x00000006c4400000, 0x00000006cec00000, 0x000000076c180000)
  object space 172032K, 7% used [0x00000006c4400000,0x00000006c5131d60,0x00000006cec00000)
 Metaspace       used 9433K, capacity 9599K, committed 9856K, reserved 1058816K
  class space    used 965K, capacity 1034K, committed 1152K, reserved 1048576K
}

Deoptimization events (10 events):
Event: 0.671 Thread 0x0000019b5a384800 Uncommon trap: reason=class_check action=maybe_recompile pc=0x0000019b3f1c57e8 method=java.io.DataInputStream.readChar()C @ 4
Event: 0.671 Thread 0x0000019b5a384800 Uncommon trap: reason=class_check action=maybe_recompile pc=0x0000019b3f1c57e8 method=java.io.DataInputStream.readChar()C @ 4
Event: 0.671 Thread 0x0000019b5a384800 Uncommon trap: reason=class_check action=maybe_recompile pc=0x0000019b3f1c57e8 method=java.io.DataInputStream.readChar()C @ 4
Event: 0.963 Thread 0x0000019b5a384800 Uncommon trap: reason=unstable_if action=reinterpret pc=0x0000019b3f1b51e0 method=sun.nio.cs.UTF_8$Encoder.encode([CII[B)I @ 33
Event: 1.003 Thread 0x0000019b5a384800 Uncommon trap: reason=bimorphic action=maybe_recompile pc=0x0000019b3f1dfb80 method=java.io.DataInputStream.readInt()I @ 4
Event: 1.019 Thread 0x0000019b5a384800 Uncommon trap: reason=bimorphic action=maybe_recompile pc=0x0000019b3f1dfb80 method=java.io.DataInputStream.readInt()I @ 4
Event: 1.025 Thread 0x0000019b5a384800 Uncommon trap: reason=bimorphic action=maybe_recompile pc=0x0000019b3f2b873c method=com.mojang.minecraft.level.Level.isLightBlocker(III)Z @ 24
Event: 1.025 Thread 0x0000019b5a384800 Uncommon trap: reason=bimorphic action=maybe_recompile pc=0x0000019b3f2b873c method=com.mojang.minecraft.level.Level.isLightBlocker(III)Z @ 24
Event: 1.025 Thread 0x0000019b5a384800 Uncommon trap: reason=bimorphic action=maybe_recompile pc=0x0000019b3f2b873c method=com.mojang.minecraft.level.Level.isLightBlocker(III)Z @ 24
Event: 1.025 Thread 0x0000019b5a384800 Uncommon trap: reason=bimorphic action=maybe_recompile pc=0x0000019b3f2b873c method=com.mojang.minecraft.level.Level.isLightBlocker(III)Z @ 24

Classes redefined (0 events):
No events

Internal exceptions (9 events):
Event: 0.016 Thread 0x0000019b3d2cb800 Exception <a 'java/lang/NoSuchMethodError': Method sun.misc.Unsafe.defineClass(Ljava/lang/String;[BII)Ljava/lang/Class; name or signature does not match> (0x000000076c187cd8) thrown at [C:\workspace\openjdk-build\workspace\build\src\hotspot\src\share\vm\p
Event: 0.016 Thread 0x0000019b3d2cb800 Exception <a 'java/lang/NoSuchMethodError': Method sun.misc.Unsafe.prefetchRead(Ljava/lang/Object;J)V name or signature does not match> (0x000000076c187fc0) thrown at [C:\workspace\openjdk-build\workspace\build\src\hotspot\src\share\vm\prims\jni.cpp, line
Event: 0.476 Thread 0x0000019b5a384800 Exception <a 'java/security/PrivilegedActionException'> (0x000000076d0b94b0) thrown at [C:\workspace\openjdk-build\workspace\build\src\hotspot\src\share\vm\prims\jvm.cpp, line 1514]
Event: 0.476 Thread 0x0000019b5a384800 Exception <a 'java/security/PrivilegedActionException'> (0x000000076d0b96c0) thrown at [C:\workspace\openjdk-build\workspace\build\src\hotspot\src\share\vm\prims\jvm.cpp, line 1514]
Event: 0.476 Thread 0x0000019b5a384800 Exception <a 'java/security/PrivilegedActionException'> (0x000000076d0be8a8) thrown at [C:\workspace\openjdk-build\workspace\build\src\hotspot\src\share\vm\prims\jvm.cpp, line 1514]
Event: 0.476 Thread 0x0000019b5a384800 Exception <a 'java/security/PrivilegedActionException'> (0x000000076d0beab8) thrown at [C:\workspace\openjdk-build\workspace\build\src\hotspot\src\share\vm\prims\jvm.cpp, line 1514]
Event: 0.688 Thread 0x0000019b5a384800 Exception <a 'java/io/FileNotFoundException'> (0x000000076d4cd528) thrown at [C:\workspace\openjdk-build\workspace\build\src\hotspot\src\share\vm\prims\jni.cpp, line 712]
Event: 0.707 Thread 0x0000019b5a384800 Exception <a 'java/lang/NoSuchFieldError': method resolution failed> (0x000000076d59d5f0) thrown at [C:\workspace\openjdk-build\workspace\build\src\hotspot\src\share\vm\prims\methodHandles.cpp, line 1194]
Event: 0.708 Thread 0x0000019b5a384800 Exception <a 'java/lang/NoSuchFieldError': method resolution failed> (0x000000076d5aacb0) thrown at [C:\workspace\openjdk-build\workspace\build\src\hotspot\src\share\vm\prims\methodHandles.cpp, line 1194]

Events (10 events):
Event: 1.073 loading class com/mojang/minecraft/player/Player
Event: 1.073 loading class com/mojang/minecraft/player/Player done
Event: 1.074 loading class com/mojang/minecraft/particle/ParticleEngine
Event: 1.074 loading class com/mojang/minecraft/particle/ParticleEngine done
Event: 1.075 loading class com/mojang/minecraft/player/Inventory
Event: 1.075 loading class com/mojang/minecraft/player/Inventory done
Event: 1.076 loading class com/mojang/minecraft/User
Event: 1.076 loading class com/mojang/minecraft/User done
Event: 1.077 loading class com/mojang/minecraft/renderer/Chunk
Event: 1.077 loading class com/mojang/minecraft/renderer/Chunk done


Dynamic libraries:
0x00007ff75cfa0000 - 0x00007ff75cff1000 	C:\Program Files\Eclipse Adoptium\jdk-8.0.422.5-hotspot\bin\javaw.exe
0x00007ffdba840000 - 0x00007ffdbaaa3000 	C:\WINDOWS\SYSTEM32\ntdll.dll
0x00007ffdb9940000 - 0x00007ffdb9a07000 	C:\WINDOWS\System32\KERNEL32.DLL
0x00007ffdb7ec0000 - 0x00007ffdb8289000 	C:\WINDOWS\System32\KERNELBASE.dll
0x00007ffdba630000 - 0x00007ffdba6e2000 	C:\WINDOWS\System32\ADVAPI32.dll
0x00007ffdb96b0000 - 0x00007ffdb9759000 	C:\WINDOWS\System32\msvcrt.dll
0x00007ffdba530000 - 0x00007ffdba5d6000 	C:\WINDOWS\System32\sechost.dll
0x00007ffdb9a10000 - 0x00007ffdb9b26000 	C:\WINDOWS\System32\RPCRT4.dll
0x00007ffdb9770000 - 0x00007ffdb993a000 	C:\WINDOWS\System32\USER32.dll
0x00007ffdb7e90000 - 0x00007ffdb7eb7000 	C:\WINDOWS\System32\win32u.dll
0x00007ffdba6f0000 - 0x00007ffdba71a000 	C:\WINDOWS\System32\GDI32.dll
0x00007ffdb7ab0000 - 0x00007ffdb7be1000 	C:\WINDOWS\System32\gdi32full.dll
0x00007ffdb8580000 - 0x00007ffdb8623000 	C:\WINDOWS\System32\msvcp_win.dll
0x00007ffdb7d40000 - 0x00007ffdb7e8c000 	C:\WINDOWS\System32\ucrtbase.dll
0x00007ffd929a0000 - 0x00007ffd92c30000 	C:\WINDOWS\WinSxS\amd64_microsoft.windows.common-controls_6595b64144ccf1df_6.0.26100.3323_none_3e088096e3344490\COMCTL32.dll
0x00007ffdba5f0000 - 0x00007ffdba61f000 	C:\WINDOWS\System32\IMM32.DLL
0x00007ffdb2750000 - 0x00007ffdb2765000 	C:\Program Files\Eclipse Adoptium\jdk-8.0.422.5-hotspot\jre\bin\vcruntime140.dll
0x00007ffda6790000 - 0x00007ffda682b000 	C:\Program Files\Eclipse Adoptium\jdk-8.0.422.5-hotspot\jre\bin\msvcp140.dll
0x0000000071d90000 - 0x00000000725ea000 	C:\Program Files\Eclipse Adoptium\jdk-8.0.422.5-hotspot\jre\bin\server\jvm.dll
0x00007ffdb9df0000 - 0x00007ffdb9df8000 	C:\WINDOWS\System32\PSAPI.DLL
0x00007ffdacd30000 - 0x00007ffdacd66000 	C:\WINDOWS\SYSTEM32\WINMM.dll
0x00007ffdb1310000 - 0x00007ffdb131a000 	C:\WINDOWS\SYSTEM32\WSOCK32.dll
0x00007ffd9e5e0000 - 0x00007ffd9e5eb000 	C:\WINDOWS\SYSTEM32\VERSION.dll
0x00007ffdb9030000 - 0x00007ffdb90a4000 	C:\WINDOWS\System32\WS2_32.dll
0x00007ffdb6940000 - 0x00007ffdb695a000 	C:\WINDOWS\SYSTEM32\kernel.appcore.dll
0x00007ffdb1300000 - 0x00007ffdb1310000 	C:\Program Files\Eclipse Adoptium\jdk-8.0.422.5-hotspot\jre\bin\verify.dll
0x00007ffda7860000 - 0x00007ffda788b000 	C:\Program Files\Eclipse Adoptium\jdk-8.0.422.5-hotspot\jre\bin\java.dll
0x00007ffda83e0000 - 0x00007ffda83f8000 	C:\Program Files\Eclipse Adoptium\jdk-8.0.422.5-hotspot\jre\bin\zip.dll
0x00007ffdb86a0000 - 0x00007ffdb8db5000 	C:\WINDOWS\System32\SHELL32.dll
0x00007ffdb8290000 - 0x00007ffdb83f8000 	C:\WINDOWS\System32\wintypes.dll
0x00007ffdb9320000 - 0x00007ffdb96a2000 	C:\WINDOWS\System32\combase.dll
0x00007ffdb5710000 - 0x00007ffdb5f55000 	C:\WINDOWS\SYSTEM32\windows.storage.dll
0x00007ffdb8ed0000 - 0x00007ffdb8fbb000 	C:\WINDOWS\System32\SHCORE.dll
0x00007ffdb9240000 - 0x00007ffdb929d000 	C:\WINDOWS\System32\shlwapi.dll
0x00007ffdb7920000 - 0x00007ffdb794f000 	C:\WINDOWS\SYSTEM32\profapi.dll
0x0000000180000000 - 0x0000000180053000 	C:\Users\Administartor\Desktop\astra-eagler-main\classicport\classic-0.0.21a\desktopRuntime\lwjgl64.dll
0x00007ffd2a890000 - 0x00007ffd2a99c000 	C:\WINDOWS\SYSTEM32\OPENGL32.dll
0x00007ffd2a6c0000 - 0x00007ffd2a6ed000 	C:\WINDOWS\SYSTEM32\GLU32.dll
0x00007ffdb4b90000 - 0x00007ffdb4bd7000 	C:\WINDOWS\SYSTEM32\dxcore.dll
0x00007ffdb0f90000 - 0x00007ffdb1050000 	C:\WINDOWS\SYSTEM32\mscms.dll
0x00007ffdb7a10000 - 0x00007ffdb7aa9000 	C:\WINDOWS\System32\bcryptPrimitives.dll
0x00007ffdba720000 - 0x00007ffdba7c8000 	C:\WINDOWS\System32\clbcatq.dll
0x00007ffd9b290000 - 0x00007ffd9b2f4000 	C:\Windows\System32\Windows.Internal.Graphics.Display.DisplayColorManagement.dll
0x00007ffdb9b30000 - 0x00007ffdb9c06000 	C:\WINDOWS\System32\OLEAUT32.dll
0x00007ffdb7670000 - 0x00007ffdb76cf000 	C:\WINDOWS\SYSTEM32\cfgmgr32.dll
0x00007ffdb4450000 - 0x00007ffdb44fe000 	C:\WINDOWS\system32\uxtheme.dll
0x00007ffdb90b0000 - 0x00007ffdb920b000 	C:\WINDOWS\System32\MSCTF.dll
0x00007ffdb45e0000 - 0x00007ffdb463d000 	C:\WINDOWS\SYSTEM32\directxdatabasehelper.dll
0x00007ffd9bcc0000 - 0x00007ffd9bcda000 	C:\WINDOWS\SYSTEM32\windows.staterepositorycore.dll
0x00007ffd27e50000 - 0x00007ffd28f7b000 	C:\WINDOWS\System32\DriverStore\FileRepository\iigd_dch.inf_amd64_a582115f5de863e1\igxelpicd64.dll
0x00007ffdb9e00000 - 0x00007ffdb9f95000 	C:\WINDOWS\System32\ole32.dll
0x00007ffdb47c0000 - 0x00007ffdb47f5000 	C:\WINDOWS\system32\dwmapi.dll
0x00007ffdb4660000 - 0x00007ffdb478e000 	C:\WINDOWS\system32\dxgi.dll
0x00007ffd2a560000 - 0x00007ffd2a6b5000 	C:\WINDOWS\System32\DriverStore\FileRepository\iigd_dch.inf_amd64_a582115f5de863e1\igdml64.dll
0x00007ffdac660000 - 0x00007ffdaca98000 	C:\WINDOWS\System32\DriverStore\FileRepository\iigd_dch.inf_amd64_a582115f5de863e1\igdgmm64.dll
0x00007ffdb76e0000 - 0x00007ffdb770d000 	C:\WINDOWS\SYSTEM32\DEVOBJ.dll
0x00007ffdb7bf0000 - 0x00007ffdb7c6f000 	C:\WINDOWS\System32\WINTRUST.dll
0x00007ffdb8400000 - 0x00007ffdb8577000 	C:\WINDOWS\System32\CRYPT32.dll
0x00007ffdb7220000 - 0x00007ffdb7233000 	C:\WINDOWS\SYSTEM32\MSASN1.dll
0x00007ffd91220000 - 0x00007ffd91366000 	C:\WINDOWS\SYSTEM32\textinputframework.dll
0x00007ffdb4050000 - 0x00007ffdb4176000 	C:\WINDOWS\SYSTEM32\CoreMessaging.dll
0x00007ffdafaa0000 - 0x00007ffdafd83000 	C:\WINDOWS\SYSTEM32\CoreUIComponents.dll
0x00007ffdb7120000 - 0x00007ffdb712c000 	C:\WINDOWS\SYSTEM32\CRYPTBASE.DLL
0x00007ffcffb00000 - 0x00007ffcffb49000 	C:\WINDOWS\SYSTEM32\icm32.dll
0x00007ffd92050000 - 0x00007ffd92482000 	C:\WINDOWS\system32\UIAutomationCore.dll
0x00007ffda7cc0000 - 0x00007ffda7d2b000 	C:\WINDOWS\system32\OLEACC.dll
0x00007ffda8700000 - 0x00007ffdac5ad000 	C:\WINDOWS\System32\DriverStore\FileRepository\iigd_dch.inf_amd64_a582115f5de863e1\igc64.dll
0x00007ffdb66a0000 - 0x00007ffdb66ee000 	C:\WINDOWS\SYSTEM32\powrprof.dll
0x00007ffdb6680000 - 0x00007ffdb6694000 	C:\WINDOWS\SYSTEM32\UMPDC.dll
0x0000019b5bac0000 - 0x0000019b5bad6000 	C:\Users\Administartor\Desktop\astra-eagler-main\classicport\classic-0.0.21a\desktopRuntime\jinput-dx8_64.dll
0x00007ffcffa90000 - 0x00007ffcffadb000 	C:\WINDOWS\SYSTEM32\DINPUT8.dll
0x00007ffda7fe0000 - 0x00007ffda81bf000 	C:\WINDOWS\SYSTEM32\inputhost.dll
0x00007ffdb5f60000 - 0x00007ffdb5f6f000 	C:\WINDOWS\SYSTEM32\HID.DLL
0x00007ffdb9fa0000 - 0x00007ffdba426000 	C:\WINDOWS\System32\SETUPAPI.DLL
0x0000019b5d930000 - 0x0000019b5d944000 	C:\Users\Administartor\Desktop\astra-eagler-main\classicport\classic-0.0.21a\desktopRuntime\jinput-raw_64.dll
0x00007ffcdb730000 - 0x00007ffcdb8c4000 	C:\Program Files\Eclipse Adoptium\jdk-8.0.422.5-hotspot\jre\bin\awt.dll
0x00007ffdb4340000 - 0x00007ffdb43dc000 	C:\WINDOWS\SYSTEM32\apphelp.dll
0x00007ffdb7100000 - 0x00007ffdb711c000 	C:\WINDOWS\SYSTEM32\CRYPTSP.dll
0x00007ffdb68a0000 - 0x00007ffdb68da000 	C:\WINDOWS\system32\rsaenh.dll
0x00007ffdb6f00000 - 0x00007ffdb6f2b000 	C:\WINDOWS\SYSTEM32\USERENV.dll
0x00007ffdb7340000 - 0x00007ffdb7366000 	C:\WINDOWS\SYSTEM32\bcrypt.dll
0x00007ffda6e00000 - 0x00007ffda6e1c000 	C:\Program Files\Eclipse Adoptium\jdk-8.0.422.5-hotspot\jre\bin\net.dll
0x00007ffdb6e60000 - 0x00007ffdb6eca000 	C:\WINDOWS\system32\mswsock.dll
0x00007ffdb62e0000 - 0x00007ffdb6313000 	C:\WINDOWS\SYSTEM32\IPHLPAPI.DLL
0x00007ffdb9020000 - 0x00007ffdb902a000 	C:\WINDOWS\System32\NSI.dll
0x00007ffdaf200000 - 0x00007ffdaf21f000 	C:\WINDOWS\SYSTEM32\dhcpcsvc6.DLL
0x00007ffdaf1d0000 - 0x00007ffdaf1f5000 	C:\WINDOWS\SYSTEM32\dhcpcsvc.DLL
0x00007ffdb6370000 - 0x00007ffdb6495000 	C:\WINDOWS\SYSTEM32\DNSAPI.dll
0x00007ffd967c0000 - 0x00007ffd967d3000 	C:\Program Files\Eclipse Adoptium\jdk-8.0.422.5-hotspot\jre\bin\nio.dll
0x00007ffd97370000 - 0x00007ffd97386000 	C:\Windows\System32\threadpoolwinrt.dll
0x00007ffdb5310000 - 0x00007ffdb5551000 	C:\WINDOWS\SYSTEM32\dbghelp.dll

VM Arguments:
jvm_args: -Dfile.encoding=UTF-8 -Dstdout.encoding=UTF-8 -Dstderr.encoding=UTF-8 
java_command: com.demez.minecraft.Client.Client
java_class_path (initial): C:\Users\Administartor\Desktop\astra-eagler-main\classicport\classic-0.0.21a\desktopRuntime\EclipseProject\bin;C:\Users\Administartor\Desktop\astra-eagler-main\classicport\classic-0.0.21a\desktopRuntime\asm-9.2.jar;C:\Users\Administartor\Desktop\astra-eagler-main\classicport\classic-0.0.21a\desktopRuntime\asm-tree-9.2.jar;C:\Users\Administartor\Desktop\astra-eagler-main\classicport\classic-0.0.21a\desktopRuntime\jinput-2.0.5.jar;C:\Users\Administartor\Desktop\astra-eagler-main\classicport\classic-0.0.21a\desktopRuntime\json-20230311.jar;C:\Users\Administartor\Desktop\astra-eagler-main\classicport\classic-0.0.21a\desktopRuntime\jutils-1.0.0.jar;C:\Users\Administartor\Desktop\astra-eagler-main\classicport\classic-0.0.21a\desktopRuntime\lwjgl_util-2.9.4.jar;C:\Users\Administartor\Desktop\astra-eagler-main\classicport\classic-0.0.21a\desktopRuntime\lwjgl-2.9.4.jar
Launcher Type: SUN_STANDARD

Environment Variables:
JAVA_HOME=C:\Program Files\Eclipse Adoptium\jdk-21.0.4.7-hotspot
CLASSPATH=C:\Program Files\Apryse Software\Xodo PDF Studio\lib\xodopdfstudio.jar;C:\Program Files\Apryse Software\Xodo PDF Studio\lib\cmaps.jar
PATH=C:/Program Files/Eclipse Adoptium/jdk-21.0.4.7-hotspot/bin/server;C:/Program Files/Eclipse Adoptium/jdk-21.0.4.7-hotspot/bin;C:\Program Files\Eclipse Adoptium\jdk-17.0.12.7-hotspot\bin;C:\Program Files\Eclipse Adoptium\jdk-21.0.4.7-hotspot\bin;C:\Program Files\Eclipse Adoptium\jdk-8.0.422.5-hotspot\bin;C:\Program Files\Eclipse Foundation\jdk-16.0.2.7-hotspot\bin;C:\WINDOWS\system32;C:\WINDOWS;C:\WINDOWS\System32\Wbem;C:\WINDOWS\System32\WindowsPowerShell\v1.0\;C:\WINDOWS\System32\OpenSSH\;C:\Program Files\NVIDIA Corporation\NVIDIA NvDLISR;C:\Program Files (x86)\NVIDIA Corporation\PhysX\Common;C:\Program Files\Git\cmd;C:\Program Files\Apryse Software\Xodo PDF Studio\jre\bin\server;C:\Program Files\dotnet\;C:\Program Files\nodejs\;C:\Program Files\Cloudflare\Cloudflare WARP\;C:\Program Files\playit_gg\bin\;C:\Program Files\WireGuard\;C:\Users\Administartor\AppData\Local\Programs\Python\Python313\Scripts\;C:\Users\Administartor\AppData\Local\Programs\Python\Python313\;C:\Users\Administartor\AppData\Local\Programs\Python\Launcher\;C:\Users\Administartor\AppData\Local\Microsoft\WindowsApps;C:\Users\Administartor\AppData\Local\GitHubDesktop\bin;C:\Users\Administartor\AppData\Local\Programs\Microsoft VS Code\bin;C:\Users\Administartor\AppData\Local\JetBrains\Toolbox\scripts;C:\Users\Administartor\.dotnet\tools;C:\Users\Administartor\AppData\Local\Microsoft\WindowsApps;C:\Users\Administartor\AppData\Roaming\npm;C:\Users\Administartor\AppData\Local\Programs\cursor\resources\app\bin;C:\WINDOWS\System32;
USERNAME=Administartor
OS=Windows_NT
PROCESSOR_IDENTIFIER=Intel64 Family 6 Model 154 Stepping 3, GenuineIntel



---------------  S Y S T E M  ---------------

OS: Windows 11 , 64 bit Build 26100 (10.0.26100.3323)

CPU:total 20 (initial active 20) (10 cores per cpu, 2 threads per core) family 6 model 154 stepping 3, cmov, cx8, fxsr, mmx, sse, sse2, sse3, ssse3, sse4.1, sse4.2, popcnt, avx, avx2, aes, clmul, erms, 3dnowpref, lzcnt, ht, tsc, tscinvbit, bmi1, bmi2, adx

Memory: 4k page, physical 16495096k(2164408k free), swap 43758072k(16122092k free)

vm_info: OpenJDK 64-Bit Server VM (25.422-b05) for windows-amd64 JRE (1.8.0_422-b05), built on Jul 18 2024 13:37:58 by "jenkins" with MS VC++ 15.9 (VS2017)

time: Sun Mar 16 16:17:20 2025
timezone: Türkiye Standart Saati
elapsed time: 1.109608 seconds (0d 0h 0m 1s)

